<?xml version="1.0" encoding="utf-8"?>
<TestRun id="fbdf5a65-83ee-4d01-bd02-7087d0b5e52d" name="JONK435491@LT-25-195 2026-04-19 23:11:50" runUser="ecs\JONK435491" xmlns="http://microsoft.com/schemas/VisualStudio/TeamTest/2010">
  <Times creation="2026-04-19T23:11:50.1587216+02:00" queuing="2026-04-19T23:11:50.1587218+02:00" start="2026-04-19T23:11:48.6962767+02:00" finish="2026-04-19T23:11:50.1616345+02:00" />
  <TestSettings name="default" id="b40bcd26-9326-4ad7-8d62-edb638555f47">
    <Deployment runDeploymentRoot="JONK435491_LT-25-195_2026-04-19_23_11_50" />
  </TestSettings>
  <Results>
    <UnitTestResult executionId="c14c8c4c-3306-47d5-9465-2c0d2fce729e" testId="605af04a-d964-7dc0-f47c-8a2203aae9a1" testName="BodyCam.RealTests.Pipeline.RealtimeDiagnosticTests.DirectSession_SendText_ReceivesResponse" computerName="LT-25-195" duration="00:00:00.9407229" startTime="2026-04-19T23:11:49.1166364+02:00" endTime="2026-04-19T23:11:50.0644135+02:00" testType="13cdc9d9-ddb5-4fa4-a97d-d965ccfc6d4b" outcome="Passed" testListId="8c84fa94-04c1-424b-9868-57a2d4851a1d" relativeResultsDirectory="c14c8c4c-3306-47d5-9465-2c0d2fce729e">
      <Output>
        <StdOut>Provider: Azure&#xD;
Creating session...&#xD;
Session created&#xD;
Text sent, waiting for updates...&#xD;
  [1] RealtimeServerMessage Type=RawContentOnly&#xD;
  [2] RealtimeServerMessage Type=RawContentOnly&#xD;
  [3] ResponseOutputItemRealtimeServerMessage Type=ConversationItemAdded&#xD;
  [4] ResponseOutputItemRealtimeServerMessage Type=ConversationItemDone&#xD;
  [5] ResponseCreatedRealtimeServerMessage Type=ResponseCreated&#xD;
  [6] ResponseOutputItemRealtimeServerMessage Type=ResponseOutputItemAdded&#xD;
  [7] ResponseOutputItemRealtimeServerMessage Type=ConversationItemAdded&#xD;
  [8] RealtimeServerMessage Type=RawContentOnly&#xD;
  [9] OutputTextAudioRealtimeServerMessage Type=OutputAudioTranscriptionDelta&#xD;
  [10] OutputTextAudioRealtimeServerMessage Type=OutputAudioTranscriptionDelta&#xD;
  [11] AudioDelta: 9600 bytes&#xD;
  [12] AudioDelta: 19200 bytes&#xD;
  [13] AudioDelta: 7200 bytes&#xD;
  [14] OutputTextAudioRealtimeServerMessage Type=OutputAudioDone&#xD;
  [15] TranscriptDone: Hello!&#xD;
  [16] RealtimeServerMessage Type=RawContentOnly&#xD;
  [17] ResponseOutputItemRealtimeServerMessage Type=ConversationItemDone&#xD;
  [18] ResponseOutputItemRealtimeServerMessage Type=ResponseOutputItemDone&#xD;
  [19] ResponseDone&#xD;
Total updates: 19</StdOut>
      </Output>
    </UnitTestResult>
  </Results>
  <TestDefinitions>
    <UnitTest name="BodyCam.RealTests.Pipeline.RealtimeDiagnosticTests.DirectSession_SendText_ReceivesResponse" storage="e:\repos\private\bodycam\src\bodycam.realtests\bin\debug\net10.0-windows10.0.19041.0\bodycam.realtests.dll" id="605af04a-d964-7dc0-f47c-8a2203aae9a1">
      <Execution id="c14c8c4c-3306-47d5-9465-2c0d2fce729e" />
      <TestMethod codeBase="E:\repos\Private\BodyCam\src\BodyCam.RealTests\bin\Debug\net10.0-windows10.0.19041.0\BodyCam.RealTests.dll" adapterTypeName="executor://xunit/VsTestRunner3/netcore/" className="BodyCam.RealTests.Pipeline.RealtimeDiagnosticTests" name="DirectSession_SendText_ReceivesResponse" />
    </UnitTest>
  </TestDefinitions>
  <TestEntries>
    <TestEntry testId="605af04a-d964-7dc0-f47c-8a2203aae9a1" executionId="c14c8c4c-3306-47d5-9465-2c0d2fce729e" testListId="8c84fa94-04c1-424b-9868-57a2d4851a1d" />
  </TestEntries>
  <TestLists>
    <TestList name="Results Not in a List" id="8c84fa94-04c1-424b-9868-57a2d4851a1d" />
    <TestList name="All Loaded Results" id="19431567-8539-422a-85d7-44ee4e166bda" />
  </TestLists>
  <ResultSummary outcome="Completed">
    <Counters total="1" executed="1" passed="1" failed="0" error="0" timeout="0" aborted="0" inconclusive="0" passedButRunAborted="0" notRunnable="0" notExecuted="0" disconnected="0" warning="0" completed="0" inProgress="0" pending="0" />
    <Output>
      <StdOut>[xUnit.net 00:00:00.00] xUnit.net VSTest Adapter v3.1.5+1b188a7b0a (64-bit .NET 10.0.5)&#xD;
[xUnit.net 00:00:00.05]   Discovering: BodyCam.RealTests&#xD;
[xUnit.net 00:00:00.08]   Discovered:  BodyCam.RealTests&#xD;
[xUnit.net 00:00:00.09]   Starting:    BodyCam.RealTests&#xD;
[xUnit.net 00:00:01.06]   Finished:    BodyCam.RealTests&#xD;
</StdOut>
    </Output>
  </ResultSummary>
</TestRun>