<?xml version="1.0" encoding="utf-8"?>
<TestRun id="c651c04d-d5af-4cb8-bf63-f6a16a0b8edc" name="JONK435491@LT-25-195 2026-04-19 23:22:44" runUser="ecs\JONK435491" xmlns="http://microsoft.com/schemas/VisualStudio/TeamTest/2010">
  <Times creation="2026-04-19T23:22:44.2770401+02:00" queuing="2026-04-19T23:22:44.2770403+02:00" start="2026-04-19T23:22:42.8191641+02:00" finish="2026-04-19T23:22:44.2827200+02:00" />
  <TestSettings name="default" id="9ad82660-8de2-4ff5-a42c-e847001e47e9">
    <Deployment runDeploymentRoot="JONK435491_LT-25-195_2026-04-19_23_22_44" />
  </TestSettings>
  <Results>
    <UnitTestResult executionId="753d93b1-c070-46b5-aaae-c86b9a21bff2" testId="b217fdfd-d67c-3957-af49-c6891a6f5bb5" testName="BodyCam.RealTests.Pipeline.TranscriptDiagnosticTests.SendAudio_InputAudioTranscriptionCompleted_Fires" computerName="LT-25-195" duration="00:00:00.9096757" startTime="2026-04-19T23:22:43.2595908+02:00" endTime="2026-04-19T23:22:44.1793325+02:00" testType="13cdc9d9-ddb5-4fa4-a97d-d965ccfc6d4b" outcome="Failed" testListId="8c84fa94-04c1-424b-9868-57a2d4851a1d" relativeResultsDirectory="753d93b1-c070-46b5-aaae-c86b9a21bff2">
      <Output>
        <StdOut>Provider: Azure&#xD;
Creating session with TranscriptionOptions.ModelId=gpt-4o-mini-transcribe...&#xD;
Session created&#xD;
Audio file: 110400 bytes (2.3s at 24kHz PCM16)&#xD;
Sent 23 audio chunks&#xD;
  [1] RealtimeServerMessage Type=RawContentOnly&#xD;
  [2] RealtimeServerMessage Type=RawContentOnly&#xD;
  [3] RealtimeServerMessage Type=RawContentOnly&#xD;
  [4] RealtimeServerMessage Type=RawContentOnly&#xD;
  [5] RealtimeServerMessage Type=RawContentOnly&#xD;
  [6] ResponseOutputItemRealtimeServerMessage Type=ConversationItemAdded&#xD;
  [7] ResponseOutputItemRealtimeServerMessage Type=ConversationItemDone&#xD;
  [8] ResponseCreatedRealtimeServerMessage Type=ResponseCreated&#xD;
  [9] RealtimeServerMessage Type=RawContentOnly&#xD;
  [10] ResponseDone&#xD;

=== Results ===&#xD;
Total messages: 10&#xD;
User transcription: ""&#xD;
AI transcript deltas: 0 =&gt; ""&#xD;
AI transcript done: ""&#xD;
AI audio bytes: 0</StdOut>
        <ErrorInfo>
          <Message>Expected userTranscription not to be &lt;null&gt; or empty because TranscriptionOptions should cause the server to transcribe the user's audio input, but found &lt;null&gt;.</Message>
          <StackTrace>   at FluentAssertions.Primitives.StringAssertions`1.NotBeNullOrEmpty(String because, Object[] becauseArgs)&#xD;
   at BodyCam.RealTests.Pipeline.TranscriptDiagnosticTests.SendAudio_InputAudioTranscriptionCompleted_Fires() in E:\repos\Private\BodyCam\src\BodyCam.RealTests\Pipeline\TranscriptDiagnosticTests.cs:line 454&#xD;
--- End of stack trace from previous location ---</StackTrace>
        </ErrorInfo>
      </Output>
    </UnitTestResult>
  </Results>
  <TestDefinitions>
    <UnitTest name="BodyCam.RealTests.Pipeline.TranscriptDiagnosticTests.SendAudio_InputAudioTranscriptionCompleted_Fires" storage="e:\repos\private\bodycam\src\bodycam.realtests\bin\debug\net10.0-windows10.0.19041.0\bodycam.realtests.dll" id="b217fdfd-d67c-3957-af49-c6891a6f5bb5">
      <Execution id="753d93b1-c070-46b5-aaae-c86b9a21bff2" />
      <TestMethod codeBase="E:\repos\Private\BodyCam\src\BodyCam.RealTests\bin\Debug\net10.0-windows10.0.19041.0\BodyCam.RealTests.dll" adapterTypeName="executor://xunit/VsTestRunner3/netcore/" className="BodyCam.RealTests.Pipeline.TranscriptDiagnosticTests" name="SendAudio_InputAudioTranscriptionCompleted_Fires" />
    </UnitTest>
  </TestDefinitions>
  <TestEntries>
    <TestEntry testId="b217fdfd-d67c-3957-af49-c6891a6f5bb5" executionId="753d93b1-c070-46b5-aaae-c86b9a21bff2" testListId="8c84fa94-04c1-424b-9868-57a2d4851a1d" />
  </TestEntries>
  <TestLists>
    <TestList name="Results Not in a List" id="8c84fa94-04c1-424b-9868-57a2d4851a1d" />
    <TestList name="All Loaded Results" id="19431567-8539-422a-85d7-44ee4e166bda" />
  </TestLists>
  <ResultSummary outcome="Failed">
    <Counters total="1" executed="1" passed="0" failed="1" error="0" timeout="0" aborted="0" inconclusive="0" passedButRunAborted="0" notRunnable="0" notExecuted="0" disconnected="0" warning="0" completed="0" inProgress="0" pending="0" />
    <Output>
      <StdOut>[xUnit.net 00:00:00.00] xUnit.net VSTest Adapter v3.1.5+1b188a7b0a (64-bit .NET 10.0.5)&#xD;
[xUnit.net 00:00:00.06]   Discovering: BodyCam.RealTests&#xD;
[xUnit.net 00:00:00.09]   Discovered:  BodyCam.RealTests&#xD;
[xUnit.net 00:00:00.10]   Starting:    BodyCam.RealTests&#xD;
     Warning:&#xD;
     The component "Fluent Assertions" is governed by the rules defined in the Xceed License Agreement and&#xD;
     the Xceed Fluent Assertions Community License. You may use Fluent Assertions free of charge for&#xD;
     non-commercial use only. An active subscription is required to use Fluent Assertions for commercial use.&#xD;
     Please contact Xceed Sales mailto:sales@xceed.com to acquire a subscription at a very low cost.&#xD;
     A paid commercial license supports the development and continued increasing support of&#xD;
     Fluent Assertions users under both commercial and community licenses. Help us&#xD;
     keep Fluent Assertions at the forefront of unit testing.&#xD;
     For more information, visit https://xceed.com/products/unit-testing/fluent-assertions/&#xD;
[xUnit.net 00:00:01.04]       Expected userTranscription not to be &lt;null&gt; or empty because TranscriptionOptions should cause the server to transcribe the user's audio input, but found &lt;null&gt;.&#xD;
[xUnit.net 00:00:01.04]       Stack Trace:&#xD;
[xUnit.net 00:00:01.04]            at FluentAssertions.Primitives.StringAssertions`1.NotBeNullOrEmpty(String because, Object[] becauseArgs)&#xD;
[xUnit.net 00:00:01.04]         E:\repos\Private\BodyCam\src\BodyCam.RealTests\Pipeline\TranscriptDiagnosticTests.cs(454,0): at BodyCam.RealTests.Pipeline.TranscriptDiagnosticTests.SendAudio_InputAudioTranscriptionCompleted_Fires()&#xD;
[xUnit.net 00:00:01.04]         --- End of stack trace from previous location ---&#xD;
[xUnit.net 00:00:01.04]       Output:&#xD;
[xUnit.net 00:00:01.04]         Provider: Azure&#xD;
[xUnit.net 00:00:01.04]         Creating session with TranscriptionOptions.ModelId=gpt-4o-mini-transcribe...&#xD;
[xUnit.net 00:00:01.04]         Session created&#xD;
[xUnit.net 00:00:01.04]         Audio file: 110400 bytes (2.3s at 24kHz PCM16)&#xD;
[xUnit.net 00:00:01.04]         Sent 23 audio chunks&#xD;
[xUnit.net 00:00:01.04]           [1] RealtimeServerMessage Type=RawContentOnly&#xD;
[xUnit.net 00:00:01.04]           [2] RealtimeServerMessage Type=RawContentOnly&#xD;
[xUnit.net 00:00:01.04]           [3] RealtimeServerMessage Type=RawContentOnly&#xD;
[xUnit.net 00:00:01.04]           [4] RealtimeServerMessage Type=RawContentOnly&#xD;
[xUnit.net 00:00:01.04]           [5] RealtimeServerMessage Type=RawContentOnly&#xD;
[xUnit.net 00:00:01.04]           [6] ResponseOutputItemRealtimeServerMessage Type=ConversationItemAdded&#xD;
[xUnit.net 00:00:01.04]           [7] ResponseOutputItemRealtimeServerMessage Type=ConversationItemDone&#xD;
[xUnit.net 00:00:01.04]           [8] ResponseCreatedRealtimeServerMessage Type=ResponseCreated&#xD;
[xUnit.net 00:00:01.04]           [9] RealtimeServerMessage Type=RawContentOnly&#xD;
[xUnit.net 00:00:01.04]           [10] ResponseDone&#xD;
[xUnit.net 00:00:01.04]         
=== Results ===&#xD;
[xUnit.net 00:00:01.04]         Total messages: 10&#xD;
[xUnit.net 00:00:01.04]         User transcription: ""&#xD;
[xUnit.net 00:00:01.04]         AI transcript deltas: 0 =&gt; ""&#xD;
[xUnit.net 00:00:01.04]         AI transcript done: ""&#xD;
[xUnit.net 00:00:01.04]         AI audio bytes: 0&#xD;
[xUnit.net 00:00:01.05]   Finished:    BodyCam.RealTests&#xD;
</StdOut>
    </Output>
    <RunInfos>
      <RunInfo computerName="LT-25-195" outcome="Error" timestamp="2026-04-19T23:22:44.1813942+02:00">
        <Text>[xUnit.net 00:00:01.04]     BodyCam.RealTests.Pipeline.TranscriptDiagnosticTests.SendAudio_InputAudioTranscriptionCompleted_Fires [FAIL]</Text>
      </RunInfo>
    </RunInfos>
  </ResultSummary>
</TestRun>