<?xml version="1.0" encoding="utf-8"?>
<TestRun id="d57b101c-388e-46ee-91b2-16d1b37b7def" name="JONK435491@LT-25-195 2026-04-19 23:24:35" runUser="ecs\JONK435491" xmlns="http://microsoft.com/schemas/VisualStudio/TeamTest/2010">
  <Times creation="2026-04-19T23:24:35.4537285+02:00" queuing="2026-04-19T23:24:35.4537288+02:00" start="2026-04-19T23:24:33.7933418+02:00" finish="2026-04-19T23:24:35.4587980+02:00" />
  <TestSettings name="default" id="0bc26089-609b-4979-b65e-88ee060d20cd">
    <Deployment runDeploymentRoot="JONK435491_LT-25-195_2026-04-19_23_24_35" />
  </TestSettings>
  <Results>
    <UnitTestResult executionId="db6ece1d-c4e6-41ac-a308-00272e83184b" testId="b217fdfd-d67c-3957-af49-c6891a6f5bb5" testName="BodyCam.RealTests.Pipeline.TranscriptDiagnosticTests.SendAudio_InputAudioTranscriptionCompleted_Fires" computerName="LT-25-195" duration="00:00:01.0369534" startTime="2026-04-19T23:24:34.2784183+02:00" endTime="2026-04-19T23:24:35.3278830+02:00" testType="13cdc9d9-ddb5-4fa4-a97d-d965ccfc6d4b" outcome="Failed" testListId="8c84fa94-04c1-424b-9868-57a2d4851a1d" relativeResultsDirectory="db6ece1d-c4e6-41ac-a308-00272e83184b">
      <Output>
        <StdOut>Provider: Azure&#xD;
Creating session with TranscriptionOptions.ModelId=gpt-4o-mini-transcribe...&#xD;
Session created&#xD;
Audio file: 110400 bytes (2.3s at 24kHz PCM16)&#xD;
Sent 23 audio chunks&#xD;
  [1] RealtimeServerMessage Type=RawContentOnly raw=[]&#xD;
  [2] RealtimeServerMessage Type=RawContentOnly raw=[]&#xD;
  [3] RealtimeServerMessage Type=RawContentOnly raw=[]&#xD;
  [4] RealtimeServerMessage Type=RawContentOnly raw=[]&#xD;
  [5] RealtimeServerMessage Type=RawContentOnly raw=[]&#xD;
  [6] ResponseOutputItemRealtimeServerMessage Type=ConversationItemAdded raw=[]&#xD;
  [7] ResponseOutputItemRealtimeServerMessage Type=ConversationItemDone raw=[]&#xD;
  [8] ResponseCreatedRealtimeServerMessage Type=ResponseCreated raw=[]&#xD;
  [9] RealtimeServerMessage Type=RawContentOnly raw=[]&#xD;
  [10] ResponseDone&#xD;

=== Results ===&#xD;
Total messages: 10&#xD;
User transcription: ""&#xD;
AI transcript deltas: 0 =&gt; ""&#xD;
AI transcript done: ""&#xD;
AI audio bytes: 0</StdOut>
        <ErrorInfo>
          <Message>Expected userTranscription not to be &lt;null&gt; or empty because TranscriptionOptions should cause the server to transcribe the user's audio input, but found &lt;null&gt;.</Message>
          <StackTrace>   at FluentAssertions.Primitives.StringAssertions`1.NotBeNullOrEmpty(String because, Object[] becauseArgs)&#xD;
   at BodyCam.RealTests.Pipeline.TranscriptDiagnosticTests.SendAudio_InputAudioTranscriptionCompleted_Fires() in E:\repos\Private\BodyCam\src\BodyCam.RealTests\Pipeline\TranscriptDiagnosticTests.cs:line 464&#xD;
--- End of stack trace from previous location ---</StackTrace>
        </ErrorInfo>
      </Output>
    </UnitTestResult>
  </Results>
  <TestDefinitions>
    <UnitTest name="BodyCam.RealTests.Pipeline.TranscriptDiagnosticTests.SendAudio_InputAudioTranscriptionCompleted_Fires" storage="e:\repos\private\bodycam\src\bodycam.realtests\bin\debug\net10.0-windows10.0.19041.0\bodycam.realtests.dll" id="b217fdfd-d67c-3957-af49-c6891a6f5bb5">
      <Execution id="db6ece1d-c4e6-41ac-a308-00272e83184b" />
      <TestMethod codeBase="E:\repos\Private\BodyCam\src\BodyCam.RealTests\bin\Debug\net10.0-windows10.0.19041.0\BodyCam.RealTests.dll" adapterTypeName="executor://xunit/VsTestRunner3/netcore/" className="BodyCam.RealTests.Pipeline.TranscriptDiagnosticTests" name="SendAudio_InputAudioTranscriptionCompleted_Fires" />
    </UnitTest>
  </TestDefinitions>
  <TestEntries>
    <TestEntry testId="b217fdfd-d67c-3957-af49-c6891a6f5bb5" executionId="db6ece1d-c4e6-41ac-a308-00272e83184b" testListId="8c84fa94-04c1-424b-9868-57a2d4851a1d" />
  </TestEntries>
  <TestLists>
    <TestList name="Results Not in a List" id="8c84fa94-04c1-424b-9868-57a2d4851a1d" />
    <TestList name="All Loaded Results" id="19431567-8539-422a-85d7-44ee4e166bda" />
  </TestLists>
  <ResultSummary outcome="Failed">
    <Counters total="1" executed="1" passed="0" failed="1" error="0" timeout="0" aborted="0" inconclusive="0" passedButRunAborted="0" notRunnable="0" notExecuted="0" disconnected="0" warning="0" completed="0" inProgress="0" pending="0" />
    <Output>
      <StdOut>[xUnit.net 00:00:00.00] xUnit.net VSTest Adapter v3.1.5+1b188a7b0a (64-bit .NET 10.0.5)&#xD;
[xUnit.net 00:00:00.07]   Discovering: BodyCam.RealTests&#xD;
[xUnit.net 00:00:00.11]   Discovered:  BodyCam.RealTests&#xD;
[xUnit.net 00:00:00.13]   Starting:    BodyCam.RealTests&#xD;
     Warning:&#xD;
     The component "Fluent Assertions" is governed by the rules defined in the Xceed License Agreement and&#xD;
     the Xceed Fluent Assertions Community License. You may use Fluent Assertions free of charge for&#xD;
     non-commercial use only. An active subscription is required to use Fluent Assertions for commercial use.&#xD;
     Please contact Xceed Sales mailto:sales@xceed.com to acquire a subscription at a very low cost.&#xD;
     A paid commercial license supports the development and continued increasing support of&#xD;
     Fluent Assertions users under both commercial and community licenses. Help us&#xD;
     keep Fluent Assertions at the forefront of unit testing.&#xD;
     For more information, visit https://xceed.com/products/unit-testing/fluent-assertions/&#xD;
[xUnit.net 00:00:01.20]       Expected userTranscription not to be &lt;null&gt; or empty because TranscriptionOptions should cause the server to transcribe the user's audio input, but found &lt;null&gt;.&#xD;
[xUnit.net 00:00:01.20]       Stack Trace:&#xD;
[xUnit.net 00:00:01.20]            at FluentAssertions.Primitives.StringAssertions`1.NotBeNullOrEmpty(String because, Object[] becauseArgs)&#xD;
[xUnit.net 00:00:01.20]         E:\repos\Private\BodyCam\src\BodyCam.RealTests\Pipeline\TranscriptDiagnosticTests.cs(464,0): at BodyCam.RealTests.Pipeline.TranscriptDiagnosticTests.SendAudio_InputAudioTranscriptionCompleted_Fires()&#xD;
[xUnit.net 00:00:01.20]         --- End of stack trace from previous location ---&#xD;
[xUnit.net 00:00:01.20]       Output:&#xD;
[xUnit.net 00:00:01.20]         Provider: Azure&#xD;
[xUnit.net 00:00:01.20]         Creating session with TranscriptionOptions.ModelId=gpt-4o-mini-transcribe...&#xD;
[xUnit.net 00:00:01.20]         Session created&#xD;
[xUnit.net 00:00:01.20]         Audio file: 110400 bytes (2.3s at 24kHz PCM16)&#xD;
[xUnit.net 00:00:01.20]         Sent 23 audio chunks&#xD;
[xUnit.net 00:00:01.20]           [1] RealtimeServerMessage Type=RawContentOnly raw=[]&#xD;
[xUnit.net 00:00:01.20]           [2] RealtimeServerMessage Type=RawContentOnly raw=[]&#xD;
[xUnit.net 00:00:01.20]           [3] RealtimeServerMessage Type=RawContentOnly raw=[]&#xD;
[xUnit.net 00:00:01.20]           [4] RealtimeServerMessage Type=RawContentOnly raw=[]&#xD;
[xUnit.net 00:00:01.20]           [5] RealtimeServerMessage Type=RawContentOnly raw=[]&#xD;
[xUnit.net 00:00:01.20]           [6] ResponseOutputItemRealtimeServerMessage Type=ConversationItemAdded raw=[]&#xD;
[xUnit.net 00:00:01.20]           [7] ResponseOutputItemRealtimeServerMessage Type=ConversationItemDone raw=[]&#xD;
[xUnit.net 00:00:01.20]           [8] ResponseCreatedRealtimeServerMessage Type=ResponseCreated raw=[]&#xD;
[xUnit.net 00:00:01.20]           [9] RealtimeServerMessage Type=RawContentOnly raw=[]&#xD;
[xUnit.net 00:00:01.20]           [10] ResponseDone&#xD;
[xUnit.net 00:00:01.20]         
=== Results ===&#xD;
[xUnit.net 00:00:01.20]         Total messages: 10&#xD;
[xUnit.net 00:00:01.20]         User transcription: ""&#xD;
[xUnit.net 00:00:01.20]         AI transcript deltas: 0 =&gt; ""&#xD;
[xUnit.net 00:00:01.20]         AI transcript done: ""&#xD;
[xUnit.net 00:00:01.20]         AI audio bytes: 0&#xD;
[xUnit.net 00:00:01.21]   Finished:    BodyCam.RealTests&#xD;
</StdOut>
    </Output>
    <RunInfos>
      <RunInfo computerName="LT-25-195" outcome="Error" timestamp="2026-04-19T23:24:35.3312001+02:00">
        <Text>[xUnit.net 00:00:01.20]     BodyCam.RealTests.Pipeline.TranscriptDiagnosticTests.SendAudio_InputAudioTranscriptionCompleted_Fires [FAIL]</Text>
      </RunInfo>
    </RunInfos>
  </ResultSummary>
</TestRun>