<?xml version="1.0" encoding="utf-8"?>
<TestRun id="57a2740f-4c0b-4491-98be-7fbce0396d43" name="JONK435491@LT-25-195 2026-04-19 23:25:15" runUser="ecs\JONK435491" xmlns="http://microsoft.com/schemas/VisualStudio/TeamTest/2010">
  <Times creation="2026-04-19T23:25:15.5796246+02:00" queuing="2026-04-19T23:25:15.5796249+02:00" start="2026-04-19T23:25:14.0522864+02:00" finish="2026-04-19T23:25:15.5866782+02:00" />
  <TestSettings name="default" id="df37cf8c-efa0-4f0c-bb04-1594f7fa1c42">
    <Deployment runDeploymentRoot="JONK435491_LT-25-195_2026-04-19_23_25_15" />
  </TestSettings>
  <Results>
    <UnitTestResult executionId="b1b75347-1cbc-4233-a7ae-2d2115cab069" testId="b217fdfd-d67c-3957-af49-c6891a6f5bb5" testName="BodyCam.RealTests.Pipeline.TranscriptDiagnosticTests.SendAudio_InputAudioTranscriptionCompleted_Fires" computerName="LT-25-195" duration="00:00:01.0029857" startTime="2026-04-19T23:25:14.4719551+02:00" endTime="2026-04-19T23:25:15.4834259+02:00" testType="13cdc9d9-ddb5-4fa4-a97d-d965ccfc6d4b" outcome="Failed" testListId="8c84fa94-04c1-424b-9868-57a2d4851a1d" relativeResultsDirectory="b1b75347-1cbc-4233-a7ae-2d2115cab069">
      <Output>
        <StdOut>Provider: Azure&#xD;
Creating session with TranscriptionOptions.ModelId=gpt-4o-mini-transcribe...&#xD;
Session created&#xD;
Audio file: 110400 bytes (2.3s at 24kHz PCM16)&#xD;
Sent 23 audio chunks&#xD;
  [1] RealtimeServerMessage Type=RawContentOnly raw=[]&#xD;
  [2] RealtimeServerMessage Type=RawContentOnly raw=[]&#xD;
  [3] RealtimeServerMessage Type=RawContentOnly raw=[]&#xD;
  [4] RealtimeServerMessage Type=RawContentOnly raw=[]&#xD;
  [5] RealtimeServerMessage Type=RawContentOnly raw=[]&#xD;
  [6] ResponseOutputItemRealtimeServerMessage Type=ConversationItemAdded raw=[]&#xD;
  [7] ResponseOutputItemRealtimeServerMessage Type=ConversationItemDone raw=[]&#xD;
  [8] ResponseCreatedRealtimeServerMessage Type=ResponseCreated raw=[]&#xD;
  [9] RealtimeServerMessage Type=RawContentOnly raw=[]&#xD;
  [10] InputAudioTranscriptionRealtimeServerMessage Type=InputAudioTranscriptionFailed raw=[]&#xD;
  [11] ResponseDone&#xD;

=== Results ===&#xD;
Total messages: 11&#xD;
User transcription: ""&#xD;
AI transcript deltas: 0 =&gt; ""&#xD;
AI transcript done: ""&#xD;
AI audio bytes: 0</StdOut>
        <ErrorInfo>
          <Message>Expected string not to be &lt;null&gt; or empty because TranscriptionOptions should cause the server to transcribe the user's audio input, but found &lt;null&gt;.</Message>
          <StackTrace>   at FluentAssertions.Primitives.StringAssertions`1.NotBeNullOrEmpty(String because, Object[] becauseArgs)&#xD;
   at BodyCam.RealTests.Pipeline.TranscriptDiagnosticTests.SendAudio_InputAudioTranscriptionCompleted_Fires() in E:\repos\Private\BodyCam\src\BodyCam.RealTests\Pipeline\TranscriptDiagnosticTests.cs:line 464&#xD;
--- End of stack trace from previous location ---</StackTrace>
        </ErrorInfo>
      </Output>
    </UnitTestResult>
  </Results>
  <TestDefinitions>
    <UnitTest name="BodyCam.RealTests.Pipeline.TranscriptDiagnosticTests.SendAudio_InputAudioTranscriptionCompleted_Fires" storage="e:\repos\private\bodycam\src\bodycam.realtests\bin\debug\net10.0-windows10.0.19041.0\bodycam.realtests.dll" id="b217fdfd-d67c-3957-af49-c6891a6f5bb5">
      <Execution id="b1b75347-1cbc-4233-a7ae-2d2115cab069" />
      <TestMethod codeBase="E:\repos\Private\BodyCam\src\BodyCam.RealTests\bin\Debug\net10.0-windows10.0.19041.0\BodyCam.RealTests.dll" adapterTypeName="executor://xunit/VsTestRunner3/netcore/" className="BodyCam.RealTests.Pipeline.TranscriptDiagnosticTests" name="SendAudio_InputAudioTranscriptionCompleted_Fires" />
    </UnitTest>
  </TestDefinitions>
  <TestEntries>
    <TestEntry testId="b217fdfd-d67c-3957-af49-c6891a6f5bb5" executionId="b1b75347-1cbc-4233-a7ae-2d2115cab069" testListId="8c84fa94-04c1-424b-9868-57a2d4851a1d" />
  </TestEntries>
  <TestLists>
    <TestList name="Results Not in a List" id="8c84fa94-04c1-424b-9868-57a2d4851a1d" />
    <TestList name="All Loaded Results" id="19431567-8539-422a-85d7-44ee4e166bda" />
  </TestLists>
  <ResultSummary outcome="Failed">
    <Counters total="1" executed="1" passed="0" failed="1" error="0" timeout="0" aborted="0" inconclusive="0" passedButRunAborted="0" notRunnable="0" notExecuted="0" disconnected="0" warning="0" completed="0" inProgress="0" pending="0" />
    <Output>
      <StdOut>[xUnit.net 00:00:00.00] xUnit.net VSTest Adapter v3.1.5+1b188a7b0a (64-bit .NET 10.0.5)&#xD;
[xUnit.net 00:00:00.05]   Discovering: BodyCam.RealTests&#xD;
[xUnit.net 00:00:00.08]   Discovered:  BodyCam.RealTests&#xD;
[xUnit.net 00:00:00.09]   Starting:    BodyCam.RealTests&#xD;
     Warning:&#xD;
     The component "Fluent Assertions" is governed by the rules defined in the Xceed License Agreement and&#xD;
     the Xceed Fluent Assertions Community License. You may use Fluent Assertions free of charge for&#xD;
     non-commercial use only. An active subscription is required to use Fluent Assertions for commercial use.&#xD;
     Please contact Xceed Sales mailto:sales@xceed.com to acquire a subscription at a very low cost.&#xD;
     A paid commercial license supports the development and continued increasing support of&#xD;
     Fluent Assertions users under both commercial and community licenses. Help us&#xD;
     keep Fluent Assertions at the forefront of unit testing.&#xD;
     For more information, visit https://xceed.com/products/unit-testing/fluent-assertions/&#xD;
[xUnit.net 00:00:01.12]       Expected string not to be &lt;null&gt; or empty because TranscriptionOptions should cause the server to transcribe the user's audio input, but found &lt;null&gt;.&#xD;
[xUnit.net 00:00:01.12]       Stack Trace:&#xD;
[xUnit.net 00:00:01.12]            at FluentAssertions.Primitives.StringAssertions`1.NotBeNullOrEmpty(String because, Object[] becauseArgs)&#xD;
[xUnit.net 00:00:01.12]         E:\repos\Private\BodyCam\src\BodyCam.RealTests\Pipeline\TranscriptDiagnosticTests.cs(464,0): at BodyCam.RealTests.Pipeline.TranscriptDiagnosticTests.SendAudio_InputAudioTranscriptionCompleted_Fires()&#xD;
[xUnit.net 00:00:01.12]         --- End of stack trace from previous location ---&#xD;
[xUnit.net 00:00:01.12]       Output:&#xD;
[xUnit.net 00:00:01.12]         Provider: Azure&#xD;
[xUnit.net 00:00:01.12]         Creating session with TranscriptionOptions.ModelId=gpt-4o-mini-transcribe...&#xD;
[xUnit.net 00:00:01.12]         Session created&#xD;
[xUnit.net 00:00:01.12]         Audio file: 110400 bytes (2.3s at 24kHz PCM16)&#xD;
[xUnit.net 00:00:01.12]         Sent 23 audio chunks&#xD;
[xUnit.net 00:00:01.12]           [1] RealtimeServerMessage Type=RawContentOnly raw=[]&#xD;
[xUnit.net 00:00:01.12]           [2] RealtimeServerMessage Type=RawContentOnly raw=[]&#xD;
[xUnit.net 00:00:01.12]           [3] RealtimeServerMessage Type=RawContentOnly raw=[]&#xD;
[xUnit.net 00:00:01.12]           [4] RealtimeServerMessage Type=RawContentOnly raw=[]&#xD;
[xUnit.net 00:00:01.12]           [5] RealtimeServerMessage Type=RawContentOnly raw=[]&#xD;
[xUnit.net 00:00:01.12]           [6] ResponseOutputItemRealtimeServerMessage Type=ConversationItemAdded raw=[]&#xD;
[xUnit.net 00:00:01.12]           [7] ResponseOutputItemRealtimeServerMessage Type=ConversationItemDone raw=[]&#xD;
[xUnit.net 00:00:01.12]           [8] ResponseCreatedRealtimeServerMessage Type=ResponseCreated raw=[]&#xD;
[xUnit.net 00:00:01.12]           [9] RealtimeServerMessage Type=RawContentOnly raw=[]&#xD;
[xUnit.net 00:00:01.12]           [10] InputAudioTranscriptionRealtimeServerMessage Type=InputAudioTranscriptionFailed raw=[]&#xD;
[xUnit.net 00:00:01.12]           [11] ResponseDone&#xD;
[xUnit.net 00:00:01.12]         
=== Results ===&#xD;
[xUnit.net 00:00:01.12]         Total messages: 11&#xD;
[xUnit.net 00:00:01.12]         User transcription: ""&#xD;
[xUnit.net 00:00:01.12]         AI transcript deltas: 0 =&gt; ""&#xD;
[xUnit.net 00:00:01.12]         AI transcript done: ""&#xD;
[xUnit.net 00:00:01.12]         AI audio bytes: 0&#xD;
[xUnit.net 00:00:01.13]   Finished:    BodyCam.RealTests&#xD;
</StdOut>
    </Output>
    <RunInfos>
      <RunInfo computerName="LT-25-195" outcome="Error" timestamp="2026-04-19T23:25:15.4852190+02:00">
        <Text>[xUnit.net 00:00:01.12]     BodyCam.RealTests.Pipeline.TranscriptDiagnosticTests.SendAudio_InputAudioTranscriptionCompleted_Fires [FAIL]</Text>
      </RunInfo>
    </RunInfos>
  </ResultSummary>
</TestRun>