<?xml version="1.0" encoding="utf-8"?>
<TestRun id="76c473b6-0b78-4b35-a1b6-288adb602f04" name="JONK435491@LT-25-195 2026-04-19 23:20:24" runUser="ecs\JONK435491" xmlns="http://microsoft.com/schemas/VisualStudio/TeamTest/2010">
  <Times creation="2026-04-19T23:20:24.1317916+02:00" queuing="2026-04-19T23:20:24.1317920+02:00" start="2026-04-19T23:20:22.3047608+02:00" finish="2026-04-19T23:20:25.7952944+02:00" />
  <TestSettings name="default" id="74856656-0be1-4b64-8240-33ffb0e2672e">
    <Deployment runDeploymentRoot="JONK435491_LT-25-195_2026-04-19_23_20_24" />
  </TestSettings>
  <Results>
    <UnitTestResult executionId="ed31f17d-48cf-4ebe-97e9-183d42e9c67a" testId="ef62ab52-7df6-3b1f-2726-6b4b772081ef" testName="BodyCam.RealTests.Pipeline.TranscriptDiagnosticTests.SessionWithoutOutputModalities_SendText_LogsAllMessages" computerName="LT-25-195" duration="00:00:01.0953764" startTime="2026-04-19T23:20:22.7322745+02:00" endTime="2026-04-19T23:20:23.8340272+02:00" testType="13cdc9d9-ddb5-4fa4-a97d-d965ccfc6d4b" outcome="Passed" testListId="8c84fa94-04c1-424b-9868-57a2d4851a1d" relativeResultsDirectory="ed31f17d-48cf-4ebe-97e9-183d42e9c67a">
      <Output>
        <StdOut>Provider: Azure&#xD;
OutputModalities: NOT SET (server default)&#xD;
Session created&#xD;
Text sent, streaming...
&#xD;
  [1] RealtimeServerMessage Type=RawContentOnly&#xD;
  [2] RealtimeServerMessage Type=RawContentOnly&#xD;
  [3] ResponseOutputItemRealtimeServerMessage Type=ConversationItemAdded&#xD;
  [4] ResponseOutputItemRealtimeServerMessage Type=ConversationItemDone&#xD;
  [5] ResponseCreatedRealtimeServerMessage Type=ResponseCreated&#xD;
  [6] ResponseOutputItemRealtimeServerMessage Type=ResponseOutputItemAdded&#xD;
  [7] ResponseOutputItemRealtimeServerMessage Type=ConversationItemAdded&#xD;
  [8] RealtimeServerMessage Type=RawContentOnly&#xD;
  [9] OutputTextAudioRealtimeServerMessage Type=OutputAudioTranscriptionDelta&#xD;
  [10] OutputTextAudioRealtimeServerMessage Type=OutputAudioTranscriptionDelta&#xD;
  [11] OutputTextAudioRealtimeServerMessage Type=OutputAudioDelta audio=9600b&#xD;
  [12] OutputTextAudioRealtimeServerMessage Type=OutputAudioTranscriptionDelta&#xD;
  [13] OutputTextAudioRealtimeServerMessage Type=OutputAudioTranscriptionDelta&#xD;
  [14] OutputTextAudioRealtimeServerMessage Type=OutputAudioTranscriptionDelta&#xD;
  [15] OutputTextAudioRealtimeServerMessage Type=OutputAudioTranscriptionDelta&#xD;
  [16] OutputTextAudioRealtimeServerMessage Type=OutputAudioTranscriptionDelta&#xD;
  [17] OutputTextAudioRealtimeServerMessage Type=OutputAudioDelta audio=19200b&#xD;
  [18] OutputTextAudioRealtimeServerMessage Type=OutputAudioDelta audio=19200b&#xD;
  [19] OutputTextAudioRealtimeServerMessage Type=OutputAudioTranscriptionDelta&#xD;
  [20] OutputTextAudioRealtimeServerMessage Type=OutputAudioTranscriptionDelta&#xD;
  [25] OutputTextAudioRealtimeServerMessage Type=OutputAudioDone&#xD;
  [26] OutputTextAudioRealtimeServerMessage Type=OutputAudioTranscriptionDone&#xD;
  [27] RealtimeServerMessage Type=RawContentOnly&#xD;
  [28] ResponseOutputItemRealtimeServerMessage Type=ConversationItemDone&#xD;
  [29] ResponseOutputItemRealtimeServerMessage Type=ResponseOutputItemDone&#xD;
  [30] ResponseCreatedRealtimeServerMessage Type=ResponseDone&#xD;

=== Summary ===&#xD;
Total messages: 30&#xD;
Text deltas: 0&#xD;
Audio bytes: 108000&#xD;
Had text: False, Had audio: True</StdOut>
      </Output>
    </UnitTestResult>
    <UnitTestResult executionId="ea602388-fa38-4847-95c9-ab8ccddf5e68" testId="56d77e7f-cb9f-15fa-a24f-5bd03ce33ec9" testName="BodyCam.RealTests.Pipeline.TranscriptDiagnosticTests.SessionWithOrchestratorOptions_SendText_LogsAllMessages" computerName="LT-25-195" duration="00:00:01.0451721" startTime="2026-04-19T23:20:23.8403907+02:00" endTime="2026-04-19T23:20:24.8810270+02:00" testType="13cdc9d9-ddb5-4fa4-a97d-d965ccfc6d4b" outcome="Passed" testListId="8c84fa94-04c1-424b-9868-57a2d4851a1d" relativeResultsDirectory="ea602388-fa38-4847-95c9-ab8ccddf5e68">
      <Output>
        <StdOut>Provider: Azure&#xD;
TranscriptionModel: gpt-4o-mini-transcribe&#xD;
Session created&#xD;
Text sent, streaming...
&#xD;
  [1] RealtimeServerMessage Type=RawContentOnly&#xD;
  [2] RealtimeServerMessage Type=RawContentOnly&#xD;
  [3] ResponseOutputItemRealtimeServerMessage Type=ConversationItemAdded&#xD;
  [4] ResponseOutputItemRealtimeServerMessage Type=ConversationItemDone&#xD;
  [5] ResponseCreatedRealtimeServerMessage Type=ResponseCreated&#xD;
  [6] ResponseOutputItemRealtimeServerMessage Type=ResponseOutputItemAdded&#xD;
  [7] ResponseOutputItemRealtimeServerMessage Type=ConversationItemAdded&#xD;
  [8] RealtimeServerMessage Type=RawContentOnly&#xD;
  [9] OutputTextAudioRealtimeServerMessage Type=OutputAudioTranscriptionDelta delta="Hello"&#xD;
  [10] OutputTextAudioRealtimeServerMessage Type=OutputAudioTranscriptionDelta delta="!"&#xD;
  [11] OutputTextAudioRealtimeServerMessage Type=OutputAudioDelta audio=9600b&#xD;
  [12] OutputTextAudioRealtimeServerMessage Type=OutputAudioTranscriptionDelta delta=" How"&#xD;
  [13] OutputTextAudioRealtimeServerMessage Type=OutputAudioTranscriptionDelta delta=" can"&#xD;
  [14] OutputTextAudioRealtimeServerMessage Type=OutputAudioTranscriptionDelta delta=" I"&#xD;
  [15] OutputTextAudioRealtimeServerMessage Type=OutputAudioTranscriptionDelta delta=" help"&#xD;
  [16] OutputTextAudioRealtimeServerMessage Type=OutputAudioDelta audio=19200b&#xD;
  [17] OutputTextAudioRealtimeServerMessage Type=OutputAudioDelta audio=19200b&#xD;
  [18] OutputTextAudioRealtimeServerMessage Type=OutputAudioTranscriptionDelta delta=" you"&#xD;
  [19] OutputTextAudioRealtimeServerMessage Type=OutputAudioTranscriptionDelta delta=" today"&#xD;
  [20] OutputTextAudioRealtimeServerMessage Type=OutputAudioTranscriptionDelta delta="?"&#xD;
  [21] OutputTextAudioRealtimeServerMessage Type=OutputAudioDelta audio=19200b&#xD;
  [22] OutputTextAudioRealtimeServerMessage Type=OutputAudioDelta audio=19200b&#xD;
  [23] OutputTextAudioRealtimeServerMessage Type=OutputAudioDelta audio=19200b&#xD;
  [24] OutputTextAudioRealtimeServerMessage Type=OutputAudioDelta audio=7200b&#xD;
  [25] OutputTextAudioRealtimeServerMessage Type=OutputAudioDone&#xD;
  [26] OutputTextAudioRealtimeServerMessage Type=OutputAudioTranscriptionDone transcript="Hello! How can I help you today?"&#xD;
  [27] RealtimeServerMessage Type=RawContentOnly&#xD;
  [28] ResponseOutputItemRealtimeServerMessage Type=ConversationItemDone&#xD;
  [29] ResponseOutputItemRealtimeServerMessage Type=ResponseOutputItemDone&#xD;
  [30] ResponseCreatedRealtimeServerMessage Type=ResponseDone&#xD;

=== Summary ===&#xD;
Total messages: 30&#xD;
Text deltas: 0 =&gt; ""&#xD;
Transcript deltas: 9 =&gt; "Hello! How can I help you today?"&#xD;
Audio bytes: 112800&#xD;
Completed texts: [audio-transcript]Hello! How can I help you today?</StdOut>
      </Output>
    </UnitTestResult>
    <UnitTestResult executionId="98851dc3-9e11-43f5-b6fb-e23a8ff0332c" testId="321339eb-1364-fc62-b27d-fa87a7192f4c" testName="BodyCam.RealTests.Pipeline.TranscriptDiagnosticTests.Orchestrator_SendText_TranscriptEventsAreFired" computerName="LT-25-195" duration="00:00:00.8606145" startTime="2026-04-19T23:20:24.8817692+02:00" endTime="2026-04-19T23:20:25.7425111+02:00" testType="13cdc9d9-ddb5-4fa4-a97d-d965ccfc6d4b" outcome="Passed" testListId="8c84fa94-04c1-424b-9868-57a2d4851a1d" relativeResultsDirectory="98851dc3-9e11-43f5-b6fb-e23a8ff0332c">
      <Output>
        <StdOut>Session.Options type: Microsoft.Extensions.AI.RealtimeSessionOptions&#xD;
  TranscriptDelta: "2"&#xD;
  TranscriptDelta: " +"&#xD;
  TranscriptDelta: " "&#xD;
  TranscriptDelta: "2"&#xD;
  TranscriptDelta: " is"&#xD;
  TranscriptDelta: " "&#xD;
  TranscriptDelta: "4"&#xD;
  TranscriptDelta: "."&#xD;
  AudioTranscriptDone: "2 + 2 is 4."&#xD;
  ResponseDone&#xD;

=== Results ===&#xD;
TranscriptDeltas (8): "2 + 2 is 4."&#xD;
TextDeltas (0): ""&#xD;
TextDone: ""&#xD;
AudioTranscript: "2 + 2 is 4."&#xD;
AudioBytes: 88800&#xD;

hasLiveStream (for TranscriptDelta): True&#xD;
hasCompletion (for TranscriptCompleted): True</StdOut>
      </Output>
    </UnitTestResult>
  </Results>
  <TestDefinitions>
    <UnitTest name="BodyCam.RealTests.Pipeline.TranscriptDiagnosticTests.Orchestrator_SendText_TranscriptEventsAreFired" storage="e:\repos\private\bodycam\src\bodycam.realtests\bin\debug\net10.0-windows10.0.19041.0\bodycam.realtests.dll" id="321339eb-1364-fc62-b27d-fa87a7192f4c">
      <Execution id="98851dc3-9e11-43f5-b6fb-e23a8ff0332c" />
      <TestMethod codeBase="E:\repos\Private\BodyCam\src\BodyCam.RealTests\bin\Debug\net10.0-windows10.0.19041.0\BodyCam.RealTests.dll" adapterTypeName="executor://xunit/VsTestRunner3/netcore/" className="BodyCam.RealTests.Pipeline.TranscriptDiagnosticTests" name="Orchestrator_SendText_TranscriptEventsAreFired" />
    </UnitTest>
    <UnitTest name="BodyCam.RealTests.Pipeline.TranscriptDiagnosticTests.SessionWithOrchestratorOptions_SendText_LogsAllMessages" storage="e:\repos\private\bodycam\src\bodycam.realtests\bin\debug\net10.0-windows10.0.19041.0\bodycam.realtests.dll" id="56d77e7f-cb9f-15fa-a24f-5bd03ce33ec9">
      <Execution id="ea602388-fa38-4847-95c9-ab8ccddf5e68" />
      <TestMethod codeBase="E:\repos\Private\BodyCam\src\BodyCam.RealTests\bin\Debug\net10.0-windows10.0.19041.0\BodyCam.RealTests.dll" adapterTypeName="executor://xunit/VsTestRunner3/netcore/" className="BodyCam.RealTests.Pipeline.TranscriptDiagnosticTests" name="SessionWithOrchestratorOptions_SendText_LogsAllMessages" />
    </UnitTest>
    <UnitTest name="BodyCam.RealTests.Pipeline.TranscriptDiagnosticTests.SessionWithoutOutputModalities_SendText_LogsAllMessages" storage="e:\repos\private\bodycam\src\bodycam.realtests\bin\debug\net10.0-windows10.0.19041.0\bodycam.realtests.dll" id="ef62ab52-7df6-3b1f-2726-6b4b772081ef">
      <Execution id="ed31f17d-48cf-4ebe-97e9-183d42e9c67a" />
      <TestMethod codeBase="E:\repos\Private\BodyCam\src\BodyCam.RealTests\bin\Debug\net10.0-windows10.0.19041.0\BodyCam.RealTests.dll" adapterTypeName="executor://xunit/VsTestRunner3/netcore/" className="BodyCam.RealTests.Pipeline.TranscriptDiagnosticTests" name="SessionWithoutOutputModalities_SendText_LogsAllMessages" />
    </UnitTest>
  </TestDefinitions>
  <TestEntries>
    <TestEntry testId="ef62ab52-7df6-3b1f-2726-6b4b772081ef" executionId="ed31f17d-48cf-4ebe-97e9-183d42e9c67a" testListId="8c84fa94-04c1-424b-9868-57a2d4851a1d" />
    <TestEntry testId="56d77e7f-cb9f-15fa-a24f-5bd03ce33ec9" executionId="ea602388-fa38-4847-95c9-ab8ccddf5e68" testListId="8c84fa94-04c1-424b-9868-57a2d4851a1d" />
    <TestEntry testId="321339eb-1364-fc62-b27d-fa87a7192f4c" executionId="98851dc3-9e11-43f5-b6fb-e23a8ff0332c" testListId="8c84fa94-04c1-424b-9868-57a2d4851a1d" />
  </TestEntries>
  <TestLists>
    <TestList name="Results Not in a List" id="8c84fa94-04c1-424b-9868-57a2d4851a1d" />
    <TestList name="All Loaded Results" id="19431567-8539-422a-85d7-44ee4e166bda" />
  </TestLists>
  <ResultSummary outcome="Completed">
    <Counters total="3" executed="3" passed="3" failed="0" error="0" timeout="0" aborted="0" inconclusive="0" passedButRunAborted="0" notRunnable="0" notExecuted="0" disconnected="0" warning="0" completed="0" inProgress="0" pending="0" />
    <Output>
      <StdOut>[xUnit.net 00:00:00.00] xUnit.net VSTest Adapter v3.1.5+1b188a7b0a (64-bit .NET 10.0.5)&#xD;
[xUnit.net 00:00:00.06]   Discovering: BodyCam.RealTests&#xD;
[xUnit.net 00:00:00.09]   Discovered:  BodyCam.RealTests&#xD;
[xUnit.net 00:00:00.10]   Starting:    BodyCam.RealTests&#xD;
     Warning:&#xD;
     The component "Fluent Assertions" is governed by the rules defined in the Xceed License Agreement and&#xD;
     the Xceed Fluent Assertions Community License. You may use Fluent Assertions free of charge for&#xD;
     non-commercial use only. An active subscription is required to use Fluent Assertions for commercial use.&#xD;
     Please contact Xceed Sales mailto:sales@xceed.com to acquire a subscription at a very low cost.&#xD;
     A paid commercial license supports the development and continued increasing support of&#xD;
     Fluent Assertions users under both commercial and community licenses. Help us&#xD;
     keep Fluent Assertions at the forefront of unit testing.&#xD;
     For more information, visit https://xceed.com/products/unit-testing/fluent-assertions/&#xD;
[xUnit.net 00:00:03.13]   Finished:    BodyCam.RealTests&#xD;
</StdOut>
    </Output>
  </ResultSummary>
</TestRun>