<?xml version="1.0" encoding="utf-8"?>
<TestRun id="d8e485be-101b-4628-af7d-a798bfb301e5" name="JONK435491@LT-25-195 2026-04-19 23:19:48" runUser="ecs\JONK435491" xmlns="http://microsoft.com/schemas/VisualStudio/TeamTest/2010">
  <Times creation="2026-04-19T23:19:48.2754417+02:00" queuing="2026-04-19T23:19:48.2754418+02:00" start="2026-04-19T23:19:44.7696262+02:00" finish="2026-04-19T23:19:50.3327940+02:00" />
  <TestSettings name="default" id="3feb8be0-21f4-4f44-9d51-1ac269eba234">
    <Deployment runDeploymentRoot="JONK435491_LT-25-195_2026-04-19_23_19_48" />
  </TestSettings>
  <Results>
    <UnitTestResult executionId="7e6f12a0-028e-4ed3-9c18-f3f7854eedf7" testId="56d77e7f-cb9f-15fa-a24f-5bd03ce33ec9" testName="BodyCam.RealTests.Pipeline.TranscriptDiagnosticTests.SessionWithOrchestratorOptions_SendText_LogsAllMessages" computerName="LT-25-195" duration="00:00:00.9233573" startTime="2026-04-19T23:19:48.2648078+02:00" endTime="2026-04-19T23:19:49.1797670+02:00" testType="13cdc9d9-ddb5-4fa4-a97d-d965ccfc6d4b" outcome="Failed" testListId="8c84fa94-04c1-424b-9868-57a2d4851a1d" relativeResultsDirectory="7e6f12a0-028e-4ed3-9c18-f3f7854eedf7">
      <Output>
        <StdOut>Provider: Azure&#xD;
TranscriptionModel: gpt-4o-mini-transcribe&#xD;
Session created&#xD;
Text sent, streaming...
&#xD;
  [1] RealtimeServerMessage Type=RawContentOnly&#xD;
  [2] RealtimeServerMessage Type=RawContentOnly&#xD;
  [3] ResponseOutputItemRealtimeServerMessage Type=ConversationItemAdded&#xD;
  [4] ResponseOutputItemRealtimeServerMessage Type=ConversationItemDone&#xD;
  [5] ResponseCreatedRealtimeServerMessage Type=ResponseCreated&#xD;
  [6] ResponseOutputItemRealtimeServerMessage Type=ResponseOutputItemAdded&#xD;
  [7] ResponseOutputItemRealtimeServerMessage Type=ConversationItemAdded&#xD;
  [8] RealtimeServerMessage Type=RawContentOnly&#xD;
  [9] OutputTextAudioRealtimeServerMessage Type=OutputAudioTranscriptionDelta delta="Hello"&#xD;
  [10] OutputTextAudioRealtimeServerMessage Type=OutputAudioTranscriptionDelta delta="!"&#xD;
  [11] OutputTextAudioRealtimeServerMessage Type=OutputAudioDelta audio=9600b&#xD;
  [12] OutputTextAudioRealtimeServerMessage Type=OutputAudioTranscriptionDelta delta=" How"&#xD;
  [13] OutputTextAudioRealtimeServerMessage Type=OutputAudioTranscriptionDelta delta=" can"&#xD;
  [14] OutputTextAudioRealtimeServerMessage Type=OutputAudioTranscriptionDelta delta=" I"&#xD;
  [15] OutputTextAudioRealtimeServerMessage Type=OutputAudioTranscriptionDelta delta=" help"&#xD;
  [16] OutputTextAudioRealtimeServerMessage Type=OutputAudioDelta audio=19200b&#xD;
  [17] OutputTextAudioRealtimeServerMessage Type=OutputAudioDelta audio=19200b&#xD;
  [18] OutputTextAudioRealtimeServerMessage Type=OutputAudioTranscriptionDelta delta=" you"&#xD;
  [19] OutputTextAudioRealtimeServerMessage Type=OutputAudioTranscriptionDelta delta=" today"&#xD;
  [20] OutputTextAudioRealtimeServerMessage Type=OutputAudioTranscriptionDelta delta="?"&#xD;
  [21] OutputTextAudioRealtimeServerMessage Type=OutputAudioDelta audio=19200b&#xD;
  [22] OutputTextAudioRealtimeServerMessage Type=OutputAudioDelta audio=19200b&#xD;
  [23] OutputTextAudioRealtimeServerMessage Type=OutputAudioDelta audio=19200b&#xD;
  [24] OutputTextAudioRealtimeServerMessage Type=OutputAudioDelta audio=19200b&#xD;
  [25] OutputTextAudioRealtimeServerMessage Type=OutputAudioDone&#xD;
  [26] OutputTextAudioRealtimeServerMessage Type=OutputAudioTranscriptionDone transcript="Hello! How can I help you today?"&#xD;
  [27] RealtimeServerMessage Type=RawContentOnly&#xD;
  [28] ResponseOutputItemRealtimeServerMessage Type=ConversationItemDone&#xD;
  [29] ResponseOutputItemRealtimeServerMessage Type=ResponseOutputItemDone&#xD;
  [30] ResponseCreatedRealtimeServerMessage Type=ResponseDone&#xD;

=== Summary ===&#xD;
Total messages: 30&#xD;
Text deltas: 0 =&gt; ""&#xD;
Transcript deltas: 0 =&gt; ""&#xD;
Audio bytes: 124800&#xD;
Completed texts: [audio-transcript]Hello! How can I help you today?</StdOut>
        <ErrorInfo>
          <Message>Expected transcriptDeltas not to be empty because OutputAudioTranscriptionDelta should stream the AI's spoken text for live UI.</Message>
          <StackTrace>   at FluentAssertions.Collections.GenericCollectionAssertions`3.&lt;NotBeEmpty&gt;b__59_0(AssertionChain chain)&#xD;
   at FluentAssertions.Collections.GenericCollectionAssertions`3.NotBeEmpty(String because, Object[] becauseArgs)&#xD;
   at BodyCam.RealTests.Pipeline.TranscriptDiagnosticTests.SessionWithOrchestratorOptions_SendText_LogsAllMessages() in E:\repos\Private\BodyCam\src\BodyCam.RealTests\Pipeline\TranscriptDiagnosticTests.cs:line 136&#xD;
--- End of stack trace from previous location ---</StackTrace>
        </ErrorInfo>
      </Output>
    </UnitTestResult>
    <UnitTestResult executionId="c0a573b6-4578-438e-be5b-651acbbb5fd6" testId="ef62ab52-7df6-3b1f-2726-6b4b772081ef" testName="BodyCam.RealTests.Pipeline.TranscriptDiagnosticTests.SessionWithoutOutputModalities_SendText_LogsAllMessages" computerName="LT-25-195" duration="00:00:03.0409931" startTime="2026-04-19T23:19:45.2026796+02:00" endTime="2026-04-19T23:19:48.2511213+02:00" testType="13cdc9d9-ddb5-4fa4-a97d-d965ccfc6d4b" outcome="Passed" testListId="8c84fa94-04c1-424b-9868-57a2d4851a1d" relativeResultsDirectory="c0a573b6-4578-438e-be5b-651acbbb5fd6">
      <Output>
        <StdOut>Provider: Azure&#xD;
OutputModalities: NOT SET (server default)&#xD;
Session created&#xD;
Text sent, streaming...
&#xD;
  [1] RealtimeServerMessage Type=RawContentOnly&#xD;
  [2] RealtimeServerMessage Type=RawContentOnly&#xD;
  [3] ResponseOutputItemRealtimeServerMessage Type=ConversationItemAdded&#xD;
  [4] ResponseOutputItemRealtimeServerMessage Type=ConversationItemDone&#xD;
  [5] ResponseCreatedRealtimeServerMessage Type=ResponseCreated&#xD;
  [6] ResponseOutputItemRealtimeServerMessage Type=ResponseOutputItemAdded&#xD;
  [7] ResponseOutputItemRealtimeServerMessage Type=ConversationItemAdded&#xD;
  [8] RealtimeServerMessage Type=RawContentOnly&#xD;
  [9] OutputTextAudioRealtimeServerMessage Type=OutputAudioTranscriptionDelta&#xD;
  [10] OutputTextAudioRealtimeServerMessage Type=OutputAudioTranscriptionDelta&#xD;
  [11] OutputTextAudioRealtimeServerMessage Type=OutputAudioTranscriptionDelta&#xD;
  [12] OutputTextAudioRealtimeServerMessage Type=OutputAudioDelta audio=9600b&#xD;
  [13] OutputTextAudioRealtimeServerMessage Type=OutputAudioTranscriptionDelta&#xD;
  [14] OutputTextAudioRealtimeServerMessage Type=OutputAudioTranscriptionDelta&#xD;
  [15] OutputTextAudioRealtimeServerMessage Type=OutputAudioTranscriptionDelta&#xD;
  [16] OutputTextAudioRealtimeServerMessage Type=OutputAudioTranscriptionDelta&#xD;
  [17] OutputTextAudioRealtimeServerMessage Type=OutputAudioTranscriptionDelta&#xD;
  [18] OutputTextAudioRealtimeServerMessage Type=OutputAudioTranscriptionDelta&#xD;
  [19] OutputTextAudioRealtimeServerMessage Type=OutputAudioDelta audio=19200b&#xD;
  [20] OutputTextAudioRealtimeServerMessage Type=OutputAudioDelta audio=19200b&#xD;
  [24] OutputTextAudioRealtimeServerMessage Type=OutputAudioDone&#xD;
  [25] OutputTextAudioRealtimeServerMessage Type=OutputAudioTranscriptionDone&#xD;
  [26] RealtimeServerMessage Type=RawContentOnly&#xD;
  [27] ResponseOutputItemRealtimeServerMessage Type=ConversationItemDone&#xD;
  [28] ResponseOutputItemRealtimeServerMessage Type=ResponseOutputItemDone&#xD;
  [29] ResponseCreatedRealtimeServerMessage Type=ResponseDone&#xD;

=== Summary ===&#xD;
Total messages: 29&#xD;
Text deltas: 0&#xD;
Audio bytes: 105600&#xD;
Had text: False, Had audio: True</StdOut>
      </Output>
    </UnitTestResult>
    <UnitTestResult executionId="feadf4ae-3f09-4958-b560-e4b443ff54b7" testId="321339eb-1364-fc62-b27d-fa87a7192f4c" testName="BodyCam.RealTests.Pipeline.TranscriptDiagnosticTests.Orchestrator_SendText_TranscriptEventsAreFired" computerName="LT-25-195" duration="00:00:01.0999133" startTime="2026-04-19T23:19:49.1853409+02:00" endTime="2026-04-19T23:19:50.2804859+02:00" testType="13cdc9d9-ddb5-4fa4-a97d-d965ccfc6d4b" outcome="Passed" testListId="8c84fa94-04c1-424b-9868-57a2d4851a1d" relativeResultsDirectory="feadf4ae-3f09-4958-b560-e4b443ff54b7">
      <Output>
        <StdOut>Session.Options type: Microsoft.Extensions.AI.RealtimeSessionOptions&#xD;
  TranscriptDelta: "2"&#xD;
  TranscriptDelta: " plus"&#xD;
  TranscriptDelta: " "&#xD;
  TranscriptDelta: "2"&#xD;
  TranscriptDelta: " is"&#xD;
  TranscriptDelta: " "&#xD;
  TranscriptDelta: "4"&#xD;
  TranscriptDelta: "."&#xD;
  AudioTranscriptDone: "2 plus 2 is 4."&#xD;
  ResponseDone&#xD;

=== Results ===&#xD;
TranscriptDeltas (8): "2 plus 2 is 4."&#xD;
TextDeltas (0): ""&#xD;
TextDone: ""&#xD;
AudioTranscript: "2 plus 2 is 4."&#xD;
AudioBytes: 108000&#xD;

hasLiveStream (for TranscriptDelta): True&#xD;
hasCompletion (for TranscriptCompleted): True</StdOut>
      </Output>
    </UnitTestResult>
  </Results>
  <TestDefinitions>
    <UnitTest name="BodyCam.RealTests.Pipeline.TranscriptDiagnosticTests.Orchestrator_SendText_TranscriptEventsAreFired" storage="e:\repos\private\bodycam\src\bodycam.realtests\bin\debug\net10.0-windows10.0.19041.0\bodycam.realtests.dll" id="321339eb-1364-fc62-b27d-fa87a7192f4c">
      <Execution id="feadf4ae-3f09-4958-b560-e4b443ff54b7" />
      <TestMethod codeBase="E:\repos\Private\BodyCam\src\BodyCam.RealTests\bin\Debug\net10.0-windows10.0.19041.0\BodyCam.RealTests.dll" adapterTypeName="executor://xunit/VsTestRunner3/netcore/" className="BodyCam.RealTests.Pipeline.TranscriptDiagnosticTests" name="Orchestrator_SendText_TranscriptEventsAreFired" />
    </UnitTest>
    <UnitTest name="BodyCam.RealTests.Pipeline.TranscriptDiagnosticTests.SessionWithOrchestratorOptions_SendText_LogsAllMessages" storage="e:\repos\private\bodycam\src\bodycam.realtests\bin\debug\net10.0-windows10.0.19041.0\bodycam.realtests.dll" id="56d77e7f-cb9f-15fa-a24f-5bd03ce33ec9">
      <Execution id="7e6f12a0-028e-4ed3-9c18-f3f7854eedf7" />
      <TestMethod codeBase="E:\repos\Private\BodyCam\src\BodyCam.RealTests\bin\Debug\net10.0-windows10.0.19041.0\BodyCam.RealTests.dll" adapterTypeName="executor://xunit/VsTestRunner3/netcore/" className="BodyCam.RealTests.Pipeline.TranscriptDiagnosticTests" name="SessionWithOrchestratorOptions_SendText_LogsAllMessages" />
    </UnitTest>
    <UnitTest name="BodyCam.RealTests.Pipeline.TranscriptDiagnosticTests.SessionWithoutOutputModalities_SendText_LogsAllMessages" storage="e:\repos\private\bodycam\src\bodycam.realtests\bin\debug\net10.0-windows10.0.19041.0\bodycam.realtests.dll" id="ef62ab52-7df6-3b1f-2726-6b4b772081ef">
      <Execution id="c0a573b6-4578-438e-be5b-651acbbb5fd6" />
      <TestMethod codeBase="E:\repos\Private\BodyCam\src\BodyCam.RealTests\bin\Debug\net10.0-windows10.0.19041.0\BodyCam.RealTests.dll" adapterTypeName="executor://xunit/VsTestRunner3/netcore/" className="BodyCam.RealTests.Pipeline.TranscriptDiagnosticTests" name="SessionWithoutOutputModalities_SendText_LogsAllMessages" />
    </UnitTest>
  </TestDefinitions>
  <TestEntries>
    <TestEntry testId="56d77e7f-cb9f-15fa-a24f-5bd03ce33ec9" executionId="7e6f12a0-028e-4ed3-9c18-f3f7854eedf7" testListId="8c84fa94-04c1-424b-9868-57a2d4851a1d" />
    <TestEntry testId="ef62ab52-7df6-3b1f-2726-6b4b772081ef" executionId="c0a573b6-4578-438e-be5b-651acbbb5fd6" testListId="8c84fa94-04c1-424b-9868-57a2d4851a1d" />
    <TestEntry testId="321339eb-1364-fc62-b27d-fa87a7192f4c" executionId="feadf4ae-3f09-4958-b560-e4b443ff54b7" testListId="8c84fa94-04c1-424b-9868-57a2d4851a1d" />
  </TestEntries>
  <TestLists>
    <TestList name="Results Not in a List" id="8c84fa94-04c1-424b-9868-57a2d4851a1d" />
    <TestList name="All Loaded Results" id="19431567-8539-422a-85d7-44ee4e166bda" />
  </TestLists>
  <ResultSummary outcome="Failed">
    <Counters total="3" executed="3" passed="2" failed="1" error="0" timeout="0" aborted="0" inconclusive="0" passedButRunAborted="0" notRunnable="0" notExecuted="0" disconnected="0" warning="0" completed="0" inProgress="0" pending="0" />
    <Output>
      <StdOut>[xUnit.net 00:00:00.00] xUnit.net VSTest Adapter v3.1.5+1b188a7b0a (64-bit .NET 10.0.5)&#xD;
[xUnit.net 00:00:00.06]   Discovering: BodyCam.RealTests&#xD;
[xUnit.net 00:00:00.09]   Discovered:  BodyCam.RealTests&#xD;
[xUnit.net 00:00:00.10]   Starting:    BodyCam.RealTests&#xD;
     Warning:&#xD;
     The component "Fluent Assertions" is governed by the rules defined in the Xceed License Agreement and&#xD;
     the Xceed Fluent Assertions Community License. You may use Fluent Assertions free of charge for&#xD;
     non-commercial use only. An active subscription is required to use Fluent Assertions for commercial use.&#xD;
     Please contact Xceed Sales mailto:sales@xceed.com to acquire a subscription at a very low cost.&#xD;
     A paid commercial license supports the development and continued increasing support of&#xD;
     Fluent Assertions users under both commercial and community licenses. Help us&#xD;
     keep Fluent Assertions at the forefront of unit testing.&#xD;
     For more information, visit https://xceed.com/products/unit-testing/fluent-assertions/&#xD;
[xUnit.net 00:00:04.10]       Expected transcriptDeltas not to be empty because OutputAudioTranscriptionDelta should stream the AI's spoken text for live UI.&#xD;
[xUnit.net 00:00:04.10]       Stack Trace:&#xD;
[xUnit.net 00:00:04.10]            at FluentAssertions.Collections.GenericCollectionAssertions`3.&lt;NotBeEmpty&gt;b__59_0(AssertionChain chain)&#xD;
[xUnit.net 00:00:04.10]            at FluentAssertions.Collections.GenericCollectionAssertions`3.NotBeEmpty(String because, Object[] becauseArgs)&#xD;
[xUnit.net 00:00:04.10]         E:\repos\Private\BodyCam\src\BodyCam.RealTests\Pipeline\TranscriptDiagnosticTests.cs(136,0): at BodyCam.RealTests.Pipeline.TranscriptDiagnosticTests.SessionWithOrchestratorOptions_SendText_LogsAllMessages()&#xD;
[xUnit.net 00:00:04.10]         --- End of stack trace from previous location ---&#xD;
[xUnit.net 00:00:04.10]       Output:&#xD;
[xUnit.net 00:00:04.10]         Provider: Azure&#xD;
[xUnit.net 00:00:04.10]         TranscriptionModel: gpt-4o-mini-transcribe&#xD;
[xUnit.net 00:00:04.10]         Session created&#xD;
[xUnit.net 00:00:04.10]         Text sent, streaming...
&#xD;
[xUnit.net 00:00:04.10]           [1] RealtimeServerMessage Type=RawContentOnly&#xD;
[xUnit.net 00:00:04.10]           [2] RealtimeServerMessage Type=RawContentOnly&#xD;
[xUnit.net 00:00:04.10]           [3] ResponseOutputItemRealtimeServerMessage Type=ConversationItemAdded&#xD;
[xUnit.net 00:00:04.10]           [4] ResponseOutputItemRealtimeServerMessage Type=ConversationItemDone&#xD;
[xUnit.net 00:00:04.10]           [5] ResponseCreatedRealtimeServerMessage Type=ResponseCreated&#xD;
[xUnit.net 00:00:04.10]           [6] ResponseOutputItemRealtimeServerMessage Type=ResponseOutputItemAdded&#xD;
[xUnit.net 00:00:04.10]           [7] ResponseOutputItemRealtimeServerMessage Type=ConversationItemAdded&#xD;
[xUnit.net 00:00:04.10]           [8] RealtimeServerMessage Type=RawContentOnly&#xD;
[xUnit.net 00:00:04.10]           [9] OutputTextAudioRealtimeServerMessage Type=OutputAudioTranscriptionDelta delta="Hello"&#xD;
[xUnit.net 00:00:04.10]           [10] OutputTextAudioRealtimeServerMessage Type=OutputAudioTranscriptionDelta delta="!"&#xD;
[xUnit.net 00:00:04.10]           [11] OutputTextAudioRealtimeServerMessage Type=OutputAudioDelta audio=9600b&#xD;
[xUnit.net 00:00:04.10]           [12] OutputTextAudioRealtimeServerMessage Type=OutputAudioTranscriptionDelta delta=" How"&#xD;
[xUnit.net 00:00:04.10]           [13] OutputTextAudioRealtimeServerMessage Type=OutputAudioTranscriptionDelta delta=" can"&#xD;
[xUnit.net 00:00:04.10]           [14] OutputTextAudioRealtimeServerMessage Type=OutputAudioTranscriptionDelta delta=" I"&#xD;
[xUnit.net 00:00:04.10]           [15] OutputTextAudioRealtimeServerMessage Type=OutputAudioTranscriptionDelta delta=" help"&#xD;
[xUnit.net 00:00:04.10]           [16] OutputTextAudioRealtimeServerMessage Type=OutputAudioDelta audio=19200b&#xD;
[xUnit.net 00:00:04.10]           [17] OutputTextAudioRealtimeServerMessage Type=OutputAudioDelta audio=19200b&#xD;
[xUnit.net 00:00:04.10]           [18] OutputTextAudioRealtimeServerMessage Type=OutputAudioTranscriptionDelta delta=" you"&#xD;
[xUnit.net 00:00:04.10]           [19] OutputTextAudioRealtimeServerMessage Type=OutputAudioTranscriptionDelta delta=" today"&#xD;
[xUnit.net 00:00:04.10]           [20] OutputTextAudioRealtimeServerMessage Type=OutputAudioTranscriptionDelta delta="?"&#xD;
[xUnit.net 00:00:04.10]           [21] OutputTextAudioRealtimeServerMessage Type=OutputAudioDelta audio=19200b&#xD;
[xUnit.net 00:00:04.10]           [22] OutputTextAudioRealtimeServerMessage Type=OutputAudioDelta audio=19200b&#xD;
[xUnit.net 00:00:04.10]           [23] OutputTextAudioRealtimeServerMessage Type=OutputAudioDelta audio=19200b&#xD;
[xUnit.net 00:00:04.10]           [24] OutputTextAudioRealtimeServerMessage Type=OutputAudioDelta audio=19200b&#xD;
[xUnit.net 00:00:04.10]           [25] OutputTextAudioRealtimeServerMessage Type=OutputAudioDone&#xD;
[xUnit.net 00:00:04.10]           [26] OutputTextAudioRealtimeServerMessage Type=OutputAudioTranscriptionDone transcript="Hello! How can I help you today?"&#xD;
[xUnit.net 00:00:04.10]           [27] RealtimeServerMessage Type=RawContentOnly&#xD;
[xUnit.net 00:00:04.10]           [28] ResponseOutputItemRealtimeServerMessage Type=ConversationItemDone&#xD;
[xUnit.net 00:00:04.10]           [29] ResponseOutputItemRealtimeServerMessage Type=ResponseOutputItemDone&#xD;
[xUnit.net 00:00:04.10]           [30] ResponseCreatedRealtimeServerMessage Type=ResponseDone&#xD;
[xUnit.net 00:00:04.10]         
=== Summary ===&#xD;
[xUnit.net 00:00:04.10]         Total messages: 30&#xD;
[xUnit.net 00:00:04.10]         Text deltas: 0 =&gt; ""&#xD;
[xUnit.net 00:00:04.10]         Transcript deltas: 0 =&gt; ""&#xD;
[xUnit.net 00:00:04.10]         Audio bytes: 124800&#xD;
[xUnit.net 00:00:04.10]         Completed texts: [audio-transcript]Hello! How can I help you today?&#xD;
[xUnit.net 00:00:05.20]   Finished:    BodyCam.RealTests&#xD;
</StdOut>
    </Output>
    <RunInfos>
      <RunInfo computerName="LT-25-195" outcome="Error" timestamp="2026-04-19T23:19:49.1823600+02:00">
        <Text>[xUnit.net 00:00:04.09]     BodyCam.RealTests.Pipeline.TranscriptDiagnosticTests.SessionWithOrchestratorOptions_SendText_LogsAllMessages [FAIL]</Text>
      </RunInfo>
    </RunInfos>
  </ResultSummary>
</TestRun>