<?xml version="1.0" encoding="utf-8"?>
<TestRun id="f9167540-9d4f-485f-b122-f8d01d48dd81" name="JONK435491@LT-25-195 2026-05-16 20:34:52" runUser="ecs\JONK435491" xmlns="http://microsoft.com/schemas/VisualStudio/TeamTest/2010">
  <Times creation="2026-05-16T20:34:52.6046573+02:00" queuing="2026-05-16T20:34:52.6046574+02:00" start="2026-05-16T20:34:51.9581202+02:00" finish="2026-05-16T20:34:52.6082078+02:00" />
  <TestSettings name="default" id="214eaf17-e001-4cf0-ac9e-aff191736728">
    <Deployment runDeploymentRoot="JONK435491_LT-25-195_2026-05-16_20_34_52" />
  </TestSettings>
  <Results>
    <UnitTestResult executionId="c0aa8da5-3599-4c6a-8576-a828d3763fc8" testId="ff53d85d-53ff-ec6f-c4e8-8b5d4d054c5c" testName="BodyCam.Tests.Integration.BodyCamTestHostTests.InitializeAsync_SetsActiveProviders" computerName="LT-25-195" duration="00:00:00.0770145" startTime="2026-05-16T20:34:52.4357925+02:00" endTime="2026-05-16T20:34:52.5235697+02:00" testType="13cdc9d9-ddb5-4fa4-a97d-d965ccfc6d4b" outcome="Failed" testListId="8c84fa94-04c1-424b-9868-57a2d4851a1d" relativeResultsDirectory="c0aa8da5-3599-4c6a-8576-a828d3763fc8">
      <Output>
        <ErrorInfo>
          <Message>System.InvalidOperationException : Unable to resolve service for type 'BodyCam.Services.Camera.ICameraProviderSelector' while attempting to activate 'BodyCam.Services.Camera.CameraManager'.</Message>
          <StackTrace>   at Microsoft.Extensions.DependencyInjection.ServiceLookup.CallSiteFactory.CreateArgumentCallSites(ServiceIdentifier serviceIdentifier, Type implementationType, CallSiteChain callSiteChain, ParameterInfo[] parameters, Boolean throwIfCallSiteNotFound)&#xD;
   at Microsoft.Extensions.DependencyInjection.ServiceLookup.CallSiteFactory.CreateConstructorCallSite(ResultCache lifetime, ServiceIdentifier serviceIdentifier, Type implementationType, CallSiteChain callSiteChain)&#xD;
   at Microsoft.Extensions.DependencyInjection.ServiceLookup.CallSiteFactory.CreateExact(ServiceDescriptor descriptor, ServiceIdentifier serviceIdentifier, CallSiteChain callSiteChain, Int32 slot)&#xD;
   at Microsoft.Extensions.DependencyInjection.ServiceLookup.CallSiteFactory.TryCreateExact(ServiceDescriptor descriptor, ServiceIdentifier serviceIdentifier, CallSiteChain callSiteChain, Int32 slot)&#xD;
   at Microsoft.Extensions.DependencyInjection.ServiceLookup.CallSiteFactory.TryCreateExact(ServiceIdentifier serviceIdentifier, CallSiteChain callSiteChain)&#xD;
   at Microsoft.Extensions.DependencyInjection.ServiceLookup.CallSiteFactory.CreateCallSite(ServiceIdentifier serviceIdentifier, CallSiteChain callSiteChain)&#xD;
   at Microsoft.Extensions.DependencyInjection.ServiceLookup.CallSiteFactory.GetCallSite(ServiceIdentifier serviceIdentifier, CallSiteChain callSiteChain)&#xD;
   at Microsoft.Extensions.DependencyInjection.ServiceProvider.CreateServiceAccessor(ServiceIdentifier serviceIdentifier)&#xD;
   at System.Collections.Concurrent.ConcurrentDictionary`2.GetOrAdd(TKey key, Func`2 valueFactory)&#xD;
   at Microsoft.Extensions.DependencyInjection.ServiceProvider.GetService(ServiceIdentifier serviceIdentifier, ServiceProviderEngineScope serviceProviderEngineScope)&#xD;
   at Microsoft.Extensions.DependencyInjection.ServiceProvider.GetService(Type serviceType)&#xD;
   at Microsoft.Extensions.DependencyInjection.ServiceProviderServiceExtensions.GetRequiredService(IServiceProvider provider, Type serviceType)&#xD;
   at Microsoft.Extensions.DependencyInjection.ServiceProviderServiceExtensions.GetRequiredService[T](IServiceProvider provider)&#xD;
   at BodyCam.Tests.TestInfrastructure.BodyCamTestHost.get_CameraManager() in E:\repos\Private\BodyCam\src\BodyCam.Tests\TestInfrastructure\BodyCamTestHost.cs:line 30&#xD;
   at BodyCam.Tests.TestInfrastructure.BodyCamTestHost.InitializeAsync() in E:\repos\Private\BodyCam\src\BodyCam.Tests\TestInfrastructure\BodyCamTestHost.cs:line 113&#xD;
   at BodyCam.Tests.Integration.BodyCamTestHostTests.InitializeAsync_SetsActiveProviders() in E:\repos\Private\BodyCam\src\BodyCam.Tests\Integration\BodyCamTestHostTests.cs:line 25&#xD;
--- End of stack trace from previous location ---</StackTrace>
        </ErrorInfo>
      </Output>
    </UnitTestResult>
  </Results>
  <TestDefinitions>
    <UnitTest name="BodyCam.Tests.Integration.BodyCamTestHostTests.InitializeAsync_SetsActiveProviders" storage="e:\repos\private\bodycam\src\bodycam.tests\bin\debug\net10.0-windows10.0.19041.0\bodycam.tests.dll" id="ff53d85d-53ff-ec6f-c4e8-8b5d4d054c5c">
      <Execution id="c0aa8da5-3599-4c6a-8576-a828d3763fc8" />
      <TestMethod codeBase="E:\repos\Private\BodyCam\src\BodyCam.Tests\bin\Debug\net10.0-windows10.0.19041.0\BodyCam.Tests.dll" adapterTypeName="executor://xunit/VsTestRunner3/netcore/" className="BodyCam.Tests.Integration.BodyCamTestHostTests" name="InitializeAsync_SetsActiveProviders" />
    </UnitTest>
  </TestDefinitions>
  <TestEntries>
    <TestEntry testId="ff53d85d-53ff-ec6f-c4e8-8b5d4d054c5c" executionId="c0aa8da5-3599-4c6a-8576-a828d3763fc8" testListId="8c84fa94-04c1-424b-9868-57a2d4851a1d" />
  </TestEntries>
  <TestLists>
    <TestList name="Results Not in a List" id="8c84fa94-04c1-424b-9868-57a2d4851a1d" />
    <TestList name="All Loaded Results" id="19431567-8539-422a-85d7-44ee4e166bda" />
  </TestLists>
  <ResultSummary outcome="Failed">
    <Counters total="1" executed="1" passed="0" failed="1" error="0" timeout="0" aborted="0" inconclusive="0" passedButRunAborted="0" notRunnable="0" notExecuted="0" disconnected="0" warning="0" completed="0" inProgress="0" pending="0" />
    <Output>
      <StdOut>[xUnit.net 00:00:00.00] xUnit.net VSTest Adapter v3.1.5+1b188a7b0a (64-bit .NET 10.0.8)&#xD;
[xUnit.net 00:00:00.07]   Discovering: BodyCam.Tests&#xD;
[xUnit.net 00:00:00.14]   Discovered:  BodyCam.Tests&#xD;
[xUnit.net 00:00:00.15]   Starting:    BodyCam.Tests&#xD;
[xUnit.net 00:00:00.26]       System.InvalidOperationException : Unable to resolve service for type 'BodyCam.Services.Camera.ICameraProviderSelector' while attempting to activate 'BodyCam.Services.Camera.CameraManager'.&#xD;
[xUnit.net 00:00:00.26]       Stack Trace:&#xD;
[xUnit.net 00:00:00.26]            at Microsoft.Extensions.DependencyInjection.ServiceLookup.CallSiteFactory.CreateArgumentCallSites(ServiceIdentifier serviceIdentifier, Type implementationType, CallSiteChain callSiteChain, ParameterInfo[] parameters, Boolean throwIfCallSiteNotFound)&#xD;
[xUnit.net 00:00:00.26]            at Microsoft.Extensions.DependencyInjection.ServiceLookup.CallSiteFactory.CreateConstructorCallSite(ResultCache lifetime, ServiceIdentifier serviceIdentifier, Type implementationType, CallSiteChain callSiteChain)&#xD;
[xUnit.net 00:00:00.26]            at Microsoft.Extensions.DependencyInjection.ServiceLookup.CallSiteFactory.CreateExact(ServiceDescriptor descriptor, ServiceIdentifier serviceIdentifier, CallSiteChain callSiteChain, Int32 slot)&#xD;
[xUnit.net 00:00:00.26]            at Microsoft.Extensions.DependencyInjection.ServiceLookup.CallSiteFactory.TryCreateExact(ServiceDescriptor descriptor, ServiceIdentifier serviceIdentifier, CallSiteChain callSiteChain, Int32 slot)&#xD;
[xUnit.net 00:00:00.26]            at Microsoft.Extensions.DependencyInjection.ServiceLookup.CallSiteFactory.TryCreateExact(ServiceIdentifier serviceIdentifier, CallSiteChain callSiteChain)&#xD;
[xUnit.net 00:00:00.26]            at Microsoft.Extensions.DependencyInjection.ServiceLookup.CallSiteFactory.CreateCallSite(ServiceIdentifier serviceIdentifier, CallSiteChain callSiteChain)&#xD;
[xUnit.net 00:00:00.26]            at Microsoft.Extensions.DependencyInjection.ServiceLookup.CallSiteFactory.GetCallSite(ServiceIdentifier serviceIdentifier, CallSiteChain callSiteChain)&#xD;
[xUnit.net 00:00:00.26]            at Microsoft.Extensions.DependencyInjection.ServiceProvider.CreateServiceAccessor(ServiceIdentifier serviceIdentifier)&#xD;
[xUnit.net 00:00:00.26]            at System.Collections.Concurrent.ConcurrentDictionary`2.GetOrAdd(TKey key, Func`2 valueFactory)&#xD;
[xUnit.net 00:00:00.26]            at Microsoft.Extensions.DependencyInjection.ServiceProvider.GetService(ServiceIdentifier serviceIdentifier, ServiceProviderEngineScope serviceProviderEngineScope)&#xD;
[xUnit.net 00:00:00.26]            at Microsoft.Extensions.DependencyInjection.ServiceProvider.GetService(Type serviceType)&#xD;
[xUnit.net 00:00:00.26]            at Microsoft.Extensions.DependencyInjection.ServiceProviderServiceExtensions.GetRequiredService(IServiceProvider provider, Type serviceType)&#xD;
[xUnit.net 00:00:00.26]            at Microsoft.Extensions.DependencyInjection.ServiceProviderServiceExtensions.GetRequiredService[T](IServiceProvider provider)&#xD;
[xUnit.net 00:00:00.26]         E:\repos\Private\BodyCam\src\BodyCam.Tests\TestInfrastructure\BodyCamTestHost.cs(30,0): at BodyCam.Tests.TestInfrastructure.BodyCamTestHost.get_CameraManager()&#xD;
[xUnit.net 00:00:00.26]         E:\repos\Private\BodyCam\src\BodyCam.Tests\TestInfrastructure\BodyCamTestHost.cs(113,0): at BodyCam.Tests.TestInfrastructure.BodyCamTestHost.InitializeAsync()&#xD;
[xUnit.net 00:00:00.26]         E:\repos\Private\BodyCam\src\BodyCam.Tests\Integration\BodyCamTestHostTests.cs(25,0): at BodyCam.Tests.Integration.BodyCamTestHostTests.InitializeAsync_SetsActiveProviders()&#xD;
[xUnit.net 00:00:00.26]         --- End of stack trace from previous location ---&#xD;
[xUnit.net 00:00:00.27]   Finished:    BodyCam.Tests&#xD;
</StdOut>
    </Output>
    <RunInfos>
      <RunInfo computerName="LT-25-195" outcome="Error" timestamp="2026-05-16T20:34:52.5255818+02:00">
        <Text>[xUnit.net 00:00:00.26]     BodyCam.Tests.Integration.BodyCamTestHostTests.InitializeAsync_SetsActiveProviders [FAIL]</Text>
      </RunInfo>
    </RunInfos>
  </ResultSummary>
</TestRun>